<?xml version="1.0" encoding="UTF-8"?>
<testng-results skipped="0" failed="0" total="1" passed="1">
  <reporter-output>
  </reporter-output>
  <suite name="Default suite" duration-ms="6484" started-at="2017-09-04T12:30:15Z" finished-at="2017-09-04T12:30:22Z">
    <groups>
    </groups>
    <test name="Default test" duration-ms="6484" started-at="2017-09-04T12:30:15Z" finished-at="2017-09-04T12:30:22Z">
      <class name="com.qait.test.Gmail_login">
        <test-method status="PASS" signature="Test001_GmailLogin()[pri:0, instance:com.qait.test.Gmail_login@312aa7c]" name="Test001_GmailLogin" duration-ms="6468" started-at="2017-09-04T18:00:15Z" finished-at="2017-09-04T18:00:22Z">
          <reporter-output>
          </reporter-output>
        </test-method> <!-- Test001_GmailLogin -->
      </class> <!-- com.qait.test.Gmail_login -->
    </test> <!-- Default test -->
  </suite> <!-- Default suite -->
</testng-results>
